<?xml version="1.0" encoding="UTF-8"?>
<!-- Generated by org.testng.reporters.JUnitReportReporter -->
<testsuite hostname="Dhandabanis-MacBook-Air.local" failures="0" tests="2" name="seleniumproject.FirstTest" time="0.016" errors="0" timestamp="2024-01-29T12:26:55 IST" skipped="0">
  <testcase classname="seleniumproject.FirstTest" name="test2" time="0.001"/>
  <system-out/>
  <testcase classname="seleniumproject.FirstTest" name="test1" time="0.015"/>
  <system-out/>
</testsuite> <!-- seleniumproject.FirstTest -->
