<?xml version="1.0" encoding="UTF-8"?>
<!-- Generated by org.testng.reporters.JUnitReportReporter -->
<testsuite hostname="Dhandabanis-MacBook-Air.local" failures="0" tests="2" name="day1.day2" time="26.507" errors="0" timestamp="2024-04-25T17:43:20 IST" skipped="0">
  <testcase classname="day1.day2" name="login" time="7.270"/>
  <system-out/>
  <testcase classname="day1.day2" name="search" time="19.237"/>
  <system-out/>
</testsuite> <!-- day1.day2 -->
