<?xml version="1.0" encoding="UTF-8"?>
<!-- Generated by org.testng.reporters.JUnitReportReporter -->
<testsuite hostname="Dhandabanis-MacBook-Air.local" failures="0" tests="3" name="day1.NewTest" time="0.014" errors="0" timestamp="2024-04-17T15:44:23 IST" skipped="0">
  <testcase classname="day1.NewTest" name="test3" time="0.006"/>
  <system-out/>
  <testcase classname="day1.NewTest" name="test1" time="0.001"/>
  <system-out/>
  <testcase classname="day1.NewTest" name="test2" time="0.007"/>
  <system-out/>
</testsuite> <!-- day1.NewTest -->
