<?xml version="1.0" encoding="UTF-8"?>
<!-- Generated by org.testng.reporters.JUnitReportReporter -->
<testsuite hostname="Dhandabanis-MacBook-Air.local" failures="0" tests="3" name="day1.day1" time="18.425" errors="0" timestamp="2024-04-25T17:39:20 IST" skipped="0">
  <testcase classname="day1.day1" name="openApp" time="11.254"/>
  <system-out/>
  <testcase classname="day1.day1" name="login" time="7.033"/>
  <system-out/>
  <testcase classname="day1.day1" name="close" time="0.138"/>
  <system-out/>
</testsuite> <!-- day1.day1 -->
